<?xml version="1.0" encoding="utf-8"?><testsuites name="pytest tests"><testsuite name="pytest" errors="0" failures="0" skipped="0" tests="6" time="0.765" timestamp="2026-06-23T13:51:38.380302+00:00" hostname="agent-env-51d7e37e-6cdf-46ea-9b6a-5791c94f03c4"><testcase classname="backend.tests.test_derle_api" name="test_health" time="0.119" /><testcase classname="backend.tests.test_derle_api" name="test_ai_organize_fallback" time="0.117" /><testcase classname="backend.tests.test_derle_api" name="test_ai_organize_empty_text" time="0.136" /><testcase classname="backend.tests.test_derle_api" name="test_get_notes_unauthenticated" time="0.106" /><testcase classname="backend.tests.test_derle_api" name="test_sync_notes_unauthenticated" time="0.123" /><testcase classname="backend.tests.test_derle_api" name="test_auth_me_unauthenticated" time="0.098" /></testsuite></testsuites>