<?xml version="1.0" encoding="utf-8"?><testsuites name="pytest tests"><testsuite name="pytest" errors="0" failures="0" skipped="0" tests="11" time="8.128" timestamp="2026-06-25T10:04:18.062502+00:00" hostname="agent-env-51d7e37e-6cdf-46ea-9b6a-5791c94f03c4"><testcase classname="backend.tests.test_derle_rc.TestHealth" name="test_root_ok" time="0.294" /><testcase classname="backend.tests.test_derle_rc.TestHealth" name="test_ai_configured_true" time="0.128" /><testcase classname="backend.tests.test_derle_rc.TestAIOrganize" name="test_basic_split" time="1.531" /><testcase classname="backend.tests.test_derle_rc.TestAIOrganize" name="test_full_sentence_5plus" time="1.645" /><testcase classname="backend.tests.test_derle_rc.TestAIOrganize" name="test_categories_valid" time="1.632" /><testcase classname="backend.tests.test_derle_rc.TestAIOrganize" name="test_priorities_valid" time="1.294" /><testcase classname="backend.tests.test_derle_rc.TestAIOrganize" name="test_empty_text" time="0.099" /><testcase classname="backend.tests.test_derle_rc.TestAIOrganize" name="test_fallback_signal" time="1.083" /><testcase classname="backend.tests.test_derle_rc.TestAuthEndpoints" name="test_me_unauthenticated" time="0.093" /><testcase classname="backend.tests.test_derle_rc.TestAuthEndpoints" name="test_notes_unauthenticated" time="0.099" /><testcase classname="backend.tests.test_derle_rc.TestAuthEndpoints" name="test_sync_unauthenticated" time="0.107" /></testsuite></testsuites>